
=== Tue May 14 14:26:13 2019

Packages were changed.
Update Mode: mergeDefaultDependencies

The following packages were added:
  com.unity.2d.tilemap@1.0.0
  com.unity.modules.androidjni@1.0.0
  com.unity.2d.sprite@1.0.0
The following packages were updated:
  com.unity.collab-proxy from version 1.2.9 to 1.2.16
  com.unity.package-manager-ui from version 0.0.0-builtin to 2.2.0
  com.unity.purchasing from version 2.0.1 to 2.0.6
  com.unity.timeline from version 0.0.0-builtin to 1.0.0

=== Tue May 14 19:15:36 2019

Packages were changed.
Update Mode: updateDependencies

The following packages were added:
  com.unity.ide.vscode@1.0.4
  com.unity.ide.visualstudio@1.0.5
  com.unity.ide.rider@1.0.4
The following packages were updated:
  com.unity.analytics from version 3.2.2 to 3.3.2
  com.unity.textmeshpro from version 1.3.0 to 2.0.0
